d:\01_work\2016q34\02_西研所软件训练营\release_2\07.实战课程-西研\实战课程_c语言版\03_演练和实战工程\project\subwaycharge_student\subwaycharge\llt\subwaycommonsplit.obj
d:\01_work\2016q34\02_西研所软件训练营\release_2\07.实战课程-西研\实战课程_c语言版\03_演练和实战工程\project\subwaycharge_student\subwaycharge\llt\subwaysingleticketproc.obj
d:\01_work\2016q34\02_西研所软件训练营\release_2\07.实战课程-西研\实战课程_c语言版\03_演练和实战工程\project\subwaycharge_student\subwaycharge\llt\subwayresetproc.obj
d:\01_work\2016q34\02_西研所软件训练营\release_2\07.实战课程-西研\实战课程_c语言版\03_演练和实战工程\project\subwaycharge_student\subwaycharge\llt\subwayquerylineproc.obj
d:\01_work\2016q34\02_西研所软件训练营\release_2\07.实战课程-西研\实战课程_c语言版\03_演练和实战工程\project\subwaycharge_student\subwaycharge\llt\subwayqueryhistoryproc.obj
d:\01_work\2016q34\02_西研所软件训练营\release_2\07.实战课程-西研\实战课程_c语言版\03_演练和实战工程\project\subwaycharge_student\subwaycharge\llt\subwayfillchargeproc.obj
d:\01_work\2016q34\02_西研所软件训练营\release_2\07.实战课程-西研\实战课程_c语言版\03_演练和实战工程\project\subwaycharge_student\subwaycharge\llt\subwaydeductproc.obj
d:\01_work\2016q34\02_西研所软件训练营\release_2\07.实战课程-西研\实战课程_c语言版\03_演练和实战工程\project\subwaycharge_student\subwaycharge\llt\subwaycreatecardproc.obj
d:\01_work\2016q34\02_西研所软件训练营\release_2\07.实战课程-西研\实战课程_c语言版\03_演练和实战工程\project\subwaycharge_student\subwaycharge\llt\subwaycmdparse.obj
d:\01_work\2016q34\02_西研所软件训练营\release_2\07.实战课程-西研\实战课程_c语言版\03_演练和实战工程\project\subwaycharge_student\subwaycharge\llt\cmdsingleticket.obj
d:\01_work\2016q34\02_西研所软件训练营\release_2\07.实战课程-西研\实战课程_c语言版\03_演练和实战工程\project\subwaycharge_student\subwaycharge\llt\cmdreset.obj
d:\01_work\2016q34\02_西研所软件训练营\release_2\07.实战课程-西研\实战课程_c语言版\03_演练和实战工程\project\subwaycharge_student\subwaycharge\llt\cmdqueryline.obj
d:\01_work\2016q34\02_西研所软件训练营\release_2\07.实战课程-西研\实战课程_c语言版\03_演练和实战工程\project\subwaycharge_student\subwaycharge\llt\cmdqueryhistory.obj
d:\01_work\2016q34\02_西研所软件训练营\release_2\07.实战课程-西研\实战课程_c语言版\03_演练和实战工程\project\subwaycharge_student\subwaycharge\llt\cmdfillcharge.obj
d:\01_work\2016q34\02_西研所软件训练营\release_2\07.实战课程-西研\实战课程_c语言版\03_演练和实战工程\project\subwaycharge_student\subwaycharge\llt\cmddestroycard.obj
d:\01_work\2016q34\02_西研所软件训练营\release_2\07.实战课程-西研\实战课程_c语言版\03_演练和实战工程\project\subwaycharge_student\subwaycharge\llt\cmddeductproc.obj
d:\01_work\2016q34\02_西研所软件训练营\release_2\07.实战课程-西研\实战课程_c语言版\03_演练和实战工程\project\subwaycharge_student\subwaycharge\llt\cmdcreatecard.obj
d:\01_work\2016q34\02_西研所软件训练营\release_2\07.实战课程-西研\实战课程_c语言版\03_演练和实战工程\project\subwaycharge_student\subwaycharge\llt\subwaycharge.obj
d:\01_work\2016q34\02_西研所软件训练营\release_2\07.实战课程-西研\实战课程_c语言版\03_演练和实战工程\project\subwaycharge_student\subwaycharge\llt\subwaycard.obj
d:\01_work\2016q34\02_西研所软件训练营\release_2\07.实战课程-西研\实战课程_c语言版\03_演练和实战工程\project\subwaycharge_student\subwaycharge\llt\stdafx.obj
d:\01_work\2016q34\02_西研所软件训练营\release_2\07.实战课程-西研\实战课程_c语言版\03_演练和实战工程\project\subwaycharge_student\subwaycharge\llt\subwayprice_test.obj
d:\01_work\2016q34\02_西研所软件训练营\release_2\07.实战课程-西研\实战课程_c语言版\03_演练和实战工程\project\subwaycharge_student\subwaycharge\llt\subwayline_test.obj
d:\01_work\2016q34\02_西研所软件训练营\release_2\07.实战课程-西研\实战课程_c语言版\03_演练和实战工程\project\subwaycharge_student\subwaycharge\llt\subwaycard_test.obj
d:\01_work\2016q34\02_西研所软件训练营\release_2\07.实战课程-西研\实战课程_c语言版\03_演练和实战工程\project\subwaycharge_student\subwaycharge\llt\subwaysocket.obj
d:\01_work\2016q34\02_西研所软件训练营\release_2\07.实战课程-西研\实战课程_c语言版\03_演练和实战工程\project\subwaycharge_student\subwaycharge\llt\deductprice.obj
d:\01_work\2016q34\02_西研所软件训练营\release_2\07.实战课程-西研\实战课程_c语言版\03_演练和实战工程\project\subwaycharge_student\subwaycharge\llt\baseprice.obj
d:\01_work\2016q34\02_西研所软件训练营\release_2\07.实战课程-西研\实战课程_c语言版\03_演练和实战工程\project\subwaycharge_student\subwaycharge\llt\subwayline.obj
d:\01_work\2016q34\02_西研所软件训练营\release_2\07.实战课程-西研\实战课程_c语言版\03_演练和实战工程\project\subwaycharge_student\subwaycharge\llt\subwayerror.obj
d:\01_work\2016q34\02_西研所软件训练营\release_2\07.实战课程-西研\实战课程_c语言版\03_演练和实战工程\project\subwaycharge_student\subwaycharge\llt\subwayoutput.obj
d:\01_work\2016q34\02_西研所软件训练营\release_2\07.实战课程-西研\实战课程_c语言版\03_演练和实战工程\project\subwaycharge_student\subwaycharge\llt\subwaycmdproc.obj
d:\01_work\2016q34\02_西研所软件训练营\release_2\07.实战课程-西研\实战课程_c语言版\03_演练和实战工程\project\subwaycharge_student\subwaycharge\llt\vc100.pdb
d:\01_work\2016q34\02_西研所软件训练营\release_2\07.实战课程-西研\实战课程_c语言版\03_演练和实战工程\project\subwaycharge_student\llt\subwaycharge.ilk
d:\01_work\2016q34\02_西研所软件训练营\release_2\07.实战课程-西研\实战课程_c语言版\03_演练和实战工程\project\subwaycharge_student\llt\subwaycharge.exe
d:\01_work\2016q34\02_西研所软件训练营\release_2\07.实战课程-西研\实战课程_c语言版\03_演练和实战工程\project\subwaycharge_student\subwaycharge\llt\subwaycharge.exe.intermediate.manifest
d:\01_work\2016q34\02_西研所软件训练营\release_2\07.实战课程-西研\实战课程_c语言版\03_演练和实战工程\project\subwaycharge_student\llt\subwaycharge.pdb
d:\01_work\2016q34\02_西研所软件训练营\release_2\07.实战课程-西研\实战课程_c语言版\03_演练和实战工程\project\subwaycharge_student\llt\subwaycharge.lib
d:\01_work\2016q34\02_西研所软件训练营\release_2\07.实战课程-西研\实战课程_c语言版\03_演练和实战工程\project\subwaycharge_student\llt\subwaycharge.exp
e:\qqpcmgr\desktop\07-d3 d4【实战】演练和实战工程-new\project\subwaycharge_student\subwaycharge\llt\vc140.pdb
e:\qqpcmgr\desktop\07-d3 d4【实战】演练和实战工程-new\project\subwaycharge_student\subwaycharge\llt\vc140.idb
e:\qqpcmgr\desktop\07-d3 d4【实战】演练和实战工程-new\project\subwaycharge_student\subwaycharge\llt\subwaycommonsplit.obj
e:\qqpcmgr\desktop\07-d3 d4【实战】演练和实战工程-new\project\subwaycharge_student\subwaycharge\llt\subwaysingleticketproc.obj
e:\qqpcmgr\desktop\07-d3 d4【实战】演练和实战工程-new\project\subwaycharge_student\subwaycharge\llt\subwayresetproc.obj
e:\qqpcmgr\desktop\07-d3 d4【实战】演练和实战工程-new\project\subwaycharge_student\subwaycharge\llt\subwayquerylineproc.obj
e:\qqpcmgr\desktop\07-d3 d4【实战】演练和实战工程-new\project\subwaycharge_student\subwaycharge\llt\subwayqueryhistoryproc.obj
e:\qqpcmgr\desktop\07-d3 d4【实战】演练和实战工程-new\project\subwaycharge_student\subwaycharge\llt\subwayfillchargeproc.obj
e:\qqpcmgr\desktop\07-d3 d4【实战】演练和实战工程-new\project\subwaycharge_student\subwaycharge\llt\subwaydeductproc.obj
e:\qqpcmgr\desktop\07-d3 d4【实战】演练和实战工程-new\project\subwaycharge_student\subwaycharge\llt\subwaycreatecardproc.obj
e:\qqpcmgr\desktop\07-d3 d4【实战】演练和实战工程-new\project\subwaycharge_student\subwaycharge\llt\subwaycmdparse.obj
e:\qqpcmgr\desktop\07-d3 d4【实战】演练和实战工程-new\project\subwaycharge_student\subwaycharge\llt\cmdsingleticket.obj
e:\qqpcmgr\desktop\07-d3 d4【实战】演练和实战工程-new\project\subwaycharge_student\subwaycharge\llt\cmdreset.obj
e:\qqpcmgr\desktop\07-d3 d4【实战】演练和实战工程-new\project\subwaycharge_student\subwaycharge\llt\cmdqueryline.obj
e:\qqpcmgr\desktop\07-d3 d4【实战】演练和实战工程-new\project\subwaycharge_student\subwaycharge\llt\cmdqueryhistory.obj
e:\qqpcmgr\desktop\07-d3 d4【实战】演练和实战工程-new\project\subwaycharge_student\subwaycharge\llt\cmdfillcharge.obj
e:\qqpcmgr\desktop\07-d3 d4【实战】演练和实战工程-new\project\subwaycharge_student\subwaycharge\llt\cmddestroycard.obj
e:\qqpcmgr\desktop\07-d3 d4【实战】演练和实战工程-new\project\subwaycharge_student\subwaycharge\llt\cmddeductproc.obj
e:\qqpcmgr\desktop\07-d3 d4【实战】演练和实战工程-new\project\subwaycharge_student\subwaycharge\llt\cmdcreatecard.obj
e:\qqpcmgr\desktop\07-d3 d4【实战】演练和实战工程-new\project\subwaycharge_student\subwaycharge\llt\subwaycharge.obj
e:\qqpcmgr\desktop\07-d3 d4【实战】演练和实战工程-new\project\subwaycharge_student\subwaycharge\llt\subwaycard.obj
e:\qqpcmgr\desktop\07-d3 d4【实战】演练和实战工程-new\project\subwaycharge_student\subwaycharge\llt\stdafx.obj
e:\qqpcmgr\desktop\07-d3 d4【实战】演练和实战工程-new\project\subwaycharge_student\subwaycharge\llt\subwayprice_test.obj
e:\qqpcmgr\desktop\07-d3 d4【实战】演练和实战工程-new\project\subwaycharge_student\subwaycharge\llt\subwayline_test.obj
e:\qqpcmgr\desktop\07-d3 d4【实战】演练和实战工程-new\project\subwaycharge_student\subwaycharge\llt\subwaycard_test.obj
e:\qqpcmgr\desktop\07-d3 d4【实战】演练和实战工程-new\project\subwaycharge_student\subwaycharge\llt\subwaysocket.obj
e:\qqpcmgr\desktop\07-d3 d4【实战】演练和实战工程-new\project\subwaycharge_student\subwaycharge\llt\deductprice.obj
e:\qqpcmgr\desktop\07-d3 d4【实战】演练和实战工程-new\project\subwaycharge_student\subwaycharge\llt\baseprice.obj
e:\qqpcmgr\desktop\07-d3 d4【实战】演练和实战工程-new\project\subwaycharge_student\subwaycharge\llt\subwayline.obj
e:\qqpcmgr\desktop\07-d3 d4【实战】演练和实战工程-new\project\subwaycharge_student\subwaycharge\llt\subwayerror.obj
e:\qqpcmgr\desktop\07-d3 d4【实战】演练和实战工程-new\project\subwaycharge_student\subwaycharge\llt\subwayoutput.obj
e:\qqpcmgr\desktop\07-d3 d4【实战】演练和实战工程-new\project\subwaycharge_student\subwaycharge\llt\subwaycmdproc.obj
e:\qqpcmgr\desktop\07-d3 d4【实战】演练和实战工程-new\project\subwaycharge_student\subwaycharge\llt\cl.command.1.tlog
e:\qqpcmgr\desktop\07-d3 d4【实战】演练和实战工程-new\project\subwaycharge_student\subwaycharge\llt\cl.read.1.tlog
e:\qqpcmgr\desktop\07-d3 d4【实战】演练和实战工程-new\project\subwaycharge_student\subwaycharge\llt\cl.write.1.tlog
e:\qqpcmgr\desktop\07-d3 d4【实战】演练和实战工程-new\project\subwaycharge_student\subwaycharge\llt\link.command.1.tlog
e:\qqpcmgr\desktop\07-d3 d4【实战】演练和实战工程-new\project\subwaycharge_student\subwaycharge\llt\link.read.1.tlog
e:\qqpcmgr\desktop\07-d3 d4【实战】演练和实战工程-new\project\subwaycharge_student\subwaycharge\llt\link.write.1.tlog
e:\qqpcmgr\desktop\07-d3 d4【实战】演练和实战工程-new\project\subwaycharge_student\subwaycharge\llt\mt.command.1.tlog
e:\qqpcmgr\desktop\07-d3 d4【实战】演练和实战工程-new\project\subwaycharge_student\subwaycharge\llt\mt.read.1.tlog
e:\qqpcmgr\desktop\07-d3 d4【实战】演练和实战工程-new\project\subwaycharge_student\subwaycharge\llt\mt.write.1.tlog
e:\qqpcmgr\desktop\07-d3 d4【实战】演练和实战工程-new\project\subwaycharge_student\subwaycharge\llt\subwaycharge.write.1.tlog
e:\qqpcmgr\desktop\07-d3 d4【实战】演练和实战工程-new\project\subwaycharge_student\subwaycharge\llt\subwaycharge.exe.intermediate.manifest
e:\qqpcmgr\desktop\07-d3 d4【实战】演练和实战工程-new\project\subwaycharge_student\subwaycharge\llt\vc100.idb
e:\qqpcmgr\desktop\07-d3 d4【实战】演练和实战工程-new\project\subwaycharge_student\subwaycharge\llt\vc100.pdb
e:\qqpcmgr\desktop\07-d3 d4【实战】演练和实战工程-new\project\subwaycharge_student\llt\subwaycharge.pdb
e:\qqpcmgr\desktop\07-d3 d4【实战】演练和实战工程-new\project\subwaycharge_student\subwaycharge\llt\subwaycharge.tlog\cl.command.1.tlog
e:\qqpcmgr\desktop\07-d3 d4【实战】演练和实战工程-new\project\subwaycharge_student\subwaycharge\llt\subwaycharge.tlog\cl.read.1.tlog
e:\qqpcmgr\desktop\07-d3 d4【实战】演练和实战工程-new\project\subwaycharge_student\subwaycharge\llt\subwaycharge.tlog\cl.write.1.tlog
e:\qqpcmgr\desktop\07-d3 d4【实战】演练和实战工程-new\project\subwaycharge_student\subwaycharge\llt\subwaycharge.tlog\link-cvtres.read.1.tlog
e:\qqpcmgr\desktop\07-d3 d4【实战】演练和实战工程-new\project\subwaycharge_student\subwaycharge\llt\subwaycharge.tlog\link-cvtres.write.1.tlog
e:\qqpcmgr\desktop\07-d3 d4【实战】演练和实战工程-new\project\subwaycharge_student\subwaycharge\llt\subwaycharge.tlog\link-rc.read.1.tlog
e:\qqpcmgr\desktop\07-d3 d4【实战】演练和实战工程-new\project\subwaycharge_student\subwaycharge\llt\subwaycharge.tlog\link-rc.write.1.tlog
e:\qqpcmgr\desktop\07-d3 d4【实战】演练和实战工程-new\project\subwaycharge_student\subwaycharge\llt\subwaycharge.tlog\link.command.1.tlog
e:\qqpcmgr\desktop\07-d3 d4【实战】演练和实战工程-new\project\subwaycharge_student\subwaycharge\llt\subwaycharge.tlog\link.read.1.tlog
e:\qqpcmgr\desktop\07-d3 d4【实战】演练和实战工程-new\project\subwaycharge_student\subwaycharge\llt\subwaycharge.tlog\link.write.1.tlog
