  subwayCard.cpp
  subwayCharge.cpp
  subwayCreateCardProc.cpp
  subwayDeductProc.cpp
  subwayFillChargeProc.cpp
  subwayQueryHistoryProc.cpp
  subwayQueryLineProc.cpp
subwayCommand\subwayCmdProc\src\subwayQueryLineProc.cpp(26): warning C4996: 'strcpy': This function or variable may be unsafe. Consider using strcpy_s instead. To disable deprecation, use _CRT_SECURE_NO_WARNINGS. See online help for details.
  C:\Program Files (x86)\Windows Kits\10\Include\10.0.10240.0\ucrt\string.h(119): note: 参见“strcpy”的声明
  subwayResetProc.cpp
  subwayCmdProc.cpp
  subwayOutput.cpp
  basePrice.cpp
  deductPrice.cpp
  正在生成代码
  9 of 1105 functions ( 0.8%) were compiled, the rest were copied from previous compilation.
    1 functions were new in current compilation
    5 functions had inline decision re-evaluated but remain unchanged
  已完成代码的生成
  subwayCharge.vcxproj -> E:\QQPCmgr\Desktop\07-D3 D4【实战】演练和实战工程-new\project\subwayCharge_student\Release\subwayCharge.exe
  subwayCharge.vcxproj -> E:\QQPCmgr\Desktop\07-D3 D4【实战】演练和实战工程-new\project\subwayCharge_student\Release\subwayCharge.pdb (Full PDB)
